<?xml version="1.0" encoding="UTF-8"?>
<!-- Generated by org.testng.reporters.JUnitReportReporter -->
<testsuite hostname="DESKTOP-PNFV3FV" failures="0" tests="1" name="com.erp.testCases.TC_LoginTest_001" time="13.674" errors="0" timestamp="2022-06-22T14:31:33 PKT" skipped="0">
  <testcase classname="com.erp.testCases.TC_LoginTest_001" name="loginTest" time="13.674"/>
  <system-out/>
</testsuite> <!-- com.erp.testCases.TC_LoginTest_001 -->
